--------------------- Problem 1 ---------------------
Best: 1.767813
Worst: 4.899334
Average: 2.989562
Median: 2.981754
Standard Deviation: 0.135439
Average Time: 173.112959
Approx Total Time (Parallel): 670.812714
--------------------- Problem 1 ---------------------
--------------------- Problem 2 ---------------------
Best: 3.099417
Worst: 6.602130
Average: 4.471526
Median: 3.943607
Standard Deviation: 0.189253
Average Time: 289.014276
Approx Total Time (Parallel): 1119.930319
--------------------- Problem 2 ---------------------
--------------------- Problem 3 ---------------------
Best: 3.176040
Worst: 8.284479
Average: 5.855939
Median: 5.869433
Standard Deviation: 0.201532
Average Time: 645.007935
Approx Total Time (Parallel): 2499.405748
--------------------- Problem 3 ---------------------
--------------------- Problem 4 ---------------------
Best: 4.803457
Worst: 7.978338
Average: 5.986675
Median: 5.823054
Standard Deviation: 0.132983
Average Time: 1237.077944
Approx Total Time (Parallel): 4793.677033
--------------------- Problem 4 ---------------------
--------------------- Problem 5 ---------------------
Best: 4.448800
Worst: 7.886287
Average: 5.695116
Median: 5.638281
Standard Deviation: 0.141535
Average Time: 2418.796721
Approx Total Time (Parallel): 9372.837294
--------------------- Problem 5 ---------------------
--------------------- Problem 6 ---------------------
Best: 4.081329
Worst: 8.439489
Average: 6.289007
Median: 6.128667
Standard Deviation: 0.199345
Average Time: 142.065130
Approx Total Time (Parallel): 550.502378
--------------------- Problem 6 ---------------------
--------------------- Problem 7 ---------------------
Best: 7.063249
Worst: 13.700769
Average: 9.805650
Median: 9.557613
Standard Deviation: 0.309063
Average Time: 57.014046
Approx Total Time (Parallel): 220.929427
--------------------- Problem 7 ---------------------
--------------------- Problem 8 ---------------------
Best: 10.175880
Worst: 21.001412
Average: 14.465706
Median: 14.135745
Standard Deviation: 0.460638
Average Time: 28.711307
Approx Total Time (Parallel): 111.256314
--------------------- Problem 8 ---------------------
--------------------- Problem 9 ---------------------
Best: 8.587091
Worst: 18.359765
Average: 13.578607
Median: 14.054277
Standard Deviation: 0.462880
Average Time: 304.699263
Approx Total Time (Parallel): 1180.709645
--------------------- Problem 9 ---------------------
--------------------- Problem 10 ---------------------
Best: 21.777056
Worst: 130.488853
Average: 59.651500
Median: 55.483594
Standard Deviation: 3.963555
Average Time: 335.145406
Approx Total Time (Parallel): 1298.688449
--------------------- Problem 10 ---------------------
--------------------- Problem 11 ---------------------
Best: 3.993732
Worst: 7.420773
Average: 5.368254
Median: 5.241218
Standard Deviation: 0.149583
Average Time: 288.325611
Approx Total Time (Parallel): 1117.261742
--------------------- Problem 11 ---------------------
--------------------- Problem 12 ---------------------
Best: 6.781346
Worst: 10.568270
Average: 8.085856
Median: 7.850085
Standard Deviation: 0.181917
Average Time: 288.652777
Approx Total Time (Parallel): 1118.529510
--------------------- Problem 12 ---------------------
--------------------- Problem 13 ---------------------
Best: 1.689646
Worst: 12.261078
Average: 6.070946
Median: 6.033572
Standard Deviation: 0.518027
Average Time: 68.724044
Approx Total Time (Parallel): 266.305671
--------------------- Problem 13 ---------------------
--------------------- Problem 14 ---------------------
Best: 0.598548
Worst: 1.661083
Average: 0.997510
Median: 0.965017
Standard Deviation: 0.047744
Average Time: 285.319807
Approx Total Time (Parallel): 1105.614253
--------------------- Problem 14 ---------------------
Approx Total Time: 25426.460496
--------------------- Optimizer ---------------------

--------------------- Optimizer ---------------------
