--------------------- Problem 1 ---------------------
Best: 2.288748
Worst: 5.595906
Average: 3.443657
Median: 3.412072
Standard Deviation: 0.117592
Average Time: 87.693861
Approx Total Time (Parallel): 339.813711
--------------------- Problem 1 ---------------------
--------------------- Problem 2 ---------------------
Best: 3.135328
Worst: 7.095259
Average: 4.604723
Median: 4.274208
Standard Deviation: 0.177876
Average Time: 163.153559
Approx Total Time (Parallel): 632.220041
--------------------- Problem 2 ---------------------
--------------------- Problem 3 ---------------------
Best: 4.383078
Worst: 9.030511
Average: 5.992356
Median: 5.670718
Standard Deviation: 0.190165
Average Time: 335.865697
Approx Total Time (Parallel): 1301.479576
--------------------- Problem 3 ---------------------
--------------------- Problem 4 ---------------------
Best: 4.458594
Worst: 7.557560
Average: 5.809847
Median: 5.631502
Standard Deviation: 0.146429
Average Time: 647.803585
Approx Total Time (Parallel): 2510.238890
--------------------- Problem 4 ---------------------
--------------------- Problem 5 ---------------------
Best: 5.152886
Worst: 7.865763
Average: 6.128002
Median: 6.041587
Standard Deviation: 0.136518
Average Time: 1280.584606
Approx Total Time (Parallel): 4962.265348
--------------------- Problem 5 ---------------------
--------------------- Problem 6 ---------------------
Best: 4.176425
Worst: 9.173400
Average: 6.162807
Median: 6.097671
Standard Deviation: 0.212374
Average Time: 77.623178
Approx Total Time (Parallel): 300.789815
--------------------- Problem 6 ---------------------
--------------------- Problem 7 ---------------------
Best: 6.626647
Worst: 12.553483
Average: 9.684153
Median: 9.506885
Standard Deviation: 0.285982
Average Time: 31.571097
Approx Total Time (Parallel): 122.337999
--------------------- Problem 7 ---------------------
--------------------- Problem 8 ---------------------
Best: 12.244442
Worst: 20.675688
Average: 14.858653
Median: 14.795940
Standard Deviation: 0.357848
Average Time: 14.994299
Approx Total Time (Parallel): 58.102910
--------------------- Problem 8 ---------------------
--------------------- Problem 9 ---------------------
Best: 10.127217
Worst: 24.094661
Average: 16.307857
Median: 15.567415
Standard Deviation: 0.692105
Average Time: 160.505329
Approx Total Time (Parallel): 621.958149
--------------------- Problem 9 ---------------------
--------------------- Problem 10 ---------------------
Best: 28.009922
Worst: 163.849761
Average: 63.271648
Median: 61.761433
Standard Deviation: 4.741755
Average Time: 186.248692
Approx Total Time (Parallel): 721.713680
--------------------- Problem 10 ---------------------
--------------------- Problem 11 ---------------------
Best: 4.190216
Worst: 8.966025
Average: 6.093228
Median: 5.631220
Standard Deviation: 0.224796
Average Time: 150.024616
Approx Total Time (Parallel): 581.345388
--------------------- Problem 11 ---------------------
--------------------- Problem 12 ---------------------
Best: 7.716120
Worst: 11.550954
Average: 9.187834
Median: 8.951813
Standard Deviation: 0.199075
Average Time: 148.781522
Approx Total Time (Parallel): 576.528396
--------------------- Problem 12 ---------------------
--------------------- Problem 13 ---------------------
Best: 2.163895
Worst: 12.261234
Average: 6.773900
Median: 6.787445
Standard Deviation: 0.416998
Average Time: 35.566667
Approx Total Time (Parallel): 137.820835
--------------------- Problem 13 ---------------------
--------------------- Problem 14 ---------------------
Best: 0.701220
Worst: 1.753876
Average: 0.983253
Median: 0.925766
Standard Deviation: 0.044686
Average Time: 141.112858
Approx Total Time (Parallel): 546.812326
--------------------- Problem 14 ---------------------
Approx Total Time: 13413.427066
--------------------- Optimizer ---------------------

--------------------- Optimizer ---------------------
