--------------------- Problem 1 ---------------------
Best: 3.553602
Worst: 7.886586
Average: 5.630186
Median: 5.635886
Standard Deviation: 0.195087
Average Time: 91.049620
Approx Total Time (Parallel): 352.817278
--------------------- Problem 1 ---------------------
--------------------- Problem 2 ---------------------
Best: 4.980765
Worst: 9.279629
Average: 6.909215
Median: 6.976087
Standard Deviation: 0.214235
Average Time: 160.550457
Approx Total Time (Parallel): 622.133020
--------------------- Problem 2 ---------------------
--------------------- Problem 3 ---------------------
Best: 5.221043
Worst: 10.233477
Average: 7.766531
Median: 7.656638
Standard Deviation: 0.194793
Average Time: 366.964584
Approx Total Time (Parallel): 1421.987761
--------------------- Problem 3 ---------------------
--------------------- Problem 4 ---------------------
Best: 6.115995
Worst: 9.378574
Average: 7.684524
Median: 7.614711
Standard Deviation: 0.133041
Average Time: 687.893011
Approx Total Time (Parallel): 2665.585416
--------------------- Problem 4 ---------------------
--------------------- Problem 5 ---------------------
Best: 6.075407
Worst: 9.787923
Average: 7.729643
Median: 7.604159
Standard Deviation: 0.172677
Average Time: 1320.273323
Approx Total Time (Parallel): 5116.059128
--------------------- Problem 5 ---------------------
--------------------- Problem 6 ---------------------
Best: 5.620740
Worst: 10.258421
Average: 7.996516
Median: 7.822012
Standard Deviation: 0.237338
Average Time: 80.999058
Approx Total Time (Parallel): 313.871351
--------------------- Problem 6 ---------------------
--------------------- Problem 7 ---------------------
Best: 8.131106
Worst: 15.456342
Average: 11.398417
Median: 10.983400
Standard Deviation: 0.329317
Average Time: 32.502125
Approx Total Time (Parallel): 125.945733
--------------------- Problem 7 ---------------------
--------------------- Problem 8 ---------------------
Best: 11.625195
Worst: 20.742753
Average: 15.569876
Median: 15.353061
Standard Deviation: 0.451175
Average Time: 15.948684
Approx Total Time (Parallel): 61.801150
--------------------- Problem 8 ---------------------
--------------------- Problem 9 ---------------------
Best: 13.013512
Worst: 39.331880
Average: 22.107685
Median: 21.989488
Standard Deviation: 1.002701
Average Time: 174.047597
Approx Total Time (Parallel): 674.434437
--------------------- Problem 9 ---------------------
--------------------- Problem 10 ---------------------
Best: 40.725380
Worst: 171.824885
Average: 91.712515
Median: 87.199986
Standard Deviation: 6.320831
Average Time: 198.776608
Approx Total Time (Parallel): 770.259356
--------------------- Problem 10 ---------------------
--------------------- Problem 11 ---------------------
Best: 7.149523
Worst: 12.107584
Average: 8.839013
Median: 8.989423
Standard Deviation: 0.204780
Average Time: 160.384805
Approx Total Time (Parallel): 621.491118
--------------------- Problem 11 ---------------------
--------------------- Problem 12 ---------------------
Best: 10.453394
Worst: 16.117496
Average: 13.283244
Median: 13.484164
Standard Deviation: 0.273100
Average Time: 158.820084
Approx Total Time (Parallel): 615.427827
--------------------- Problem 12 ---------------------
--------------------- Problem 13 ---------------------
Best: 4.419180
Worst: 29.487159
Average: 11.090471
Median: 10.847685
Standard Deviation: 0.906731
Average Time: 38.910077
Approx Total Time (Parallel): 150.776550
--------------------- Problem 13 ---------------------
--------------------- Problem 14 ---------------------
Best: 1.048010
Worst: 2.657307
Average: 1.651574
Median: 1.595646
Standard Deviation: 0.052047
Average Time: 149.568475
Approx Total Time (Parallel): 579.577839
--------------------- Problem 14 ---------------------
Approx Total Time: 14092.167964
--------------------- Optimizer ---------------------

--------------------- Optimizer ---------------------
