--------------------- Problem 1 ---------------------
Best: 3.677094
Worst: 8.842068
Average: 5.712312
Median: 5.339935
Standard Deviation: 0.238105
Average Time: 92.874465
Approx Total Time (Parallel): 359.888553
--------------------- Problem 1 ---------------------
--------------------- Problem 2 ---------------------
Best: 4.902161
Worst: 9.813795
Average: 6.574000
Median: 6.289590
Standard Deviation: 0.237016
Average Time: 156.316197
Approx Total Time (Parallel): 605.725262
--------------------- Problem 2 ---------------------
--------------------- Problem 3 ---------------------
Best: 5.286236
Worst: 9.602688
Average: 7.410664
Median: 7.568937
Standard Deviation: 0.155821
Average Time: 355.299280
Approx Total Time (Parallel): 1376.784710
--------------------- Problem 3 ---------------------
--------------------- Problem 4 ---------------------
Best: 5.358639
Worst: 8.536949
Average: 7.081444
Median: 7.138546
Standard Deviation: 0.146376
Average Time: 673.908889
Approx Total Time (Parallel): 2611.396943
--------------------- Problem 4 ---------------------
--------------------- Problem 5 ---------------------
Best: 5.641909
Worst: 9.136033
Average: 7.047009
Median: 7.052479
Standard Deviation: 0.167763
Average Time: 1315.031542
Approx Total Time (Parallel): 5095.747223
--------------------- Problem 5 ---------------------
--------------------- Problem 6 ---------------------
Best: 4.499379
Worst: 9.360586
Average: 7.177303
Median: 7.251380
Standard Deviation: 0.167689
Average Time: 77.423829
Approx Total Time (Parallel): 300.017339
--------------------- Problem 6 ---------------------
--------------------- Problem 7 ---------------------
Best: 7.668516
Worst: 13.741269
Average: 10.143170
Median: 9.639142
Standard Deviation: 0.323531
Average Time: 31.040120
Approx Total Time (Parallel): 120.280463
--------------------- Problem 7 ---------------------
--------------------- Problem 8 ---------------------
Best: 10.139947
Worst: 18.504968
Average: 14.839610
Median: 14.898848
Standard Deviation: 0.367279
Average Time: 15.451371
Approx Total Time (Parallel): 59.874063
--------------------- Problem 8 ---------------------
--------------------- Problem 9 ---------------------
Best: 12.695275
Worst: 32.432551
Average: 20.168024
Median: 19.698953
Standard Deviation: 0.825576
Average Time: 165.839711
Approx Total Time (Parallel): 642.628882
--------------------- Problem 9 ---------------------
--------------------- Problem 10 ---------------------
Best: 33.774706
Worst: 205.342245
Average: 86.982120
Median: 79.680693
Standard Deviation: 6.685881
Average Time: 192.100621
Approx Total Time (Parallel): 744.389906
--------------------- Problem 10 ---------------------
--------------------- Problem 11 ---------------------
Best: 6.329833
Worst: 11.630086
Average: 8.475833
Median: 8.282951
Standard Deviation: 0.233436
Average Time: 154.403367
Approx Total Time (Parallel): 598.313049
--------------------- Problem 11 ---------------------
--------------------- Problem 12 ---------------------
Best: 10.711688
Worst: 16.150195
Average: 13.105631
Median: 12.703550
Standard Deviation: 0.267547
Average Time: 154.438741
Approx Total Time (Parallel): 598.450120
--------------------- Problem 12 ---------------------
--------------------- Problem 13 ---------------------
Best: 4.687953
Worst: 27.028952
Average: 9.642850
Median: 8.666250
Standard Deviation: 0.801908
Average Time: 36.437992
Approx Total Time (Parallel): 141.197221
--------------------- Problem 13 ---------------------
--------------------- Problem 14 ---------------------
Best: 1.132112
Worst: 2.069351
Average: 1.496747
Median: 1.438313
Standard Deviation: 0.044309
Average Time: 146.744222
Approx Total Time (Parallel): 568.633861
--------------------- Problem 14 ---------------------
Approx Total Time: 13823.327595
--------------------- Optimizer ---------------------

--------------------- Optimizer ---------------------
