--------------------- Problem 1 ---------------------
Best: 1.850403
Worst: 4.564819
Average: 2.897690
Median: 2.822612
Standard Deviation: 0.118486
Average Time: 98.534719
Approx Total Time (Parallel): 381.822037
--------------------- Problem 1 ---------------------
--------------------- Problem 2 ---------------------
Best: 3.299074
Worst: 8.116210
Average: 4.643311
Median: 4.462898
Standard Deviation: 0.171199
Average Time: 171.940130
Approx Total Time (Parallel): 666.268002
--------------------- Problem 2 ---------------------
--------------------- Problem 3 ---------------------
Best: 3.872400
Worst: 7.675364
Average: 5.497997
Median: 5.522684
Standard Deviation: 0.162034
Average Time: 407.476969
Approx Total Time (Parallel): 1578.973256
--------------------- Problem 3 ---------------------
--------------------- Problem 4 ---------------------
Best: 3.405076
Worst: 7.961550
Average: 5.931239
Median: 5.868020
Standard Deviation: 0.162450
Average Time: 750.915218
Approx Total Time (Parallel): 2909.796470
--------------------- Problem 4 ---------------------
--------------------- Problem 5 ---------------------
Best: 4.263503
Worst: 7.723950
Average: 5.566178
Median: 5.455634
Standard Deviation: 0.129517
Average Time: 1589.610636
Approx Total Time (Parallel): 6159.741215
--------------------- Problem 5 ---------------------
--------------------- Problem 6 ---------------------
Best: 4.076912
Worst: 7.666687
Average: 5.783155
Median: 5.871724
Standard Deviation: 0.174692
Average Time: 106.417741
Approx Total Time (Parallel): 412.368748
--------------------- Problem 6 ---------------------
--------------------- Problem 7 ---------------------
Best: 7.179783
Worst: 12.315993
Average: 9.729695
Median: 9.834039
Standard Deviation: 0.266138
Average Time: 41.453723
Approx Total Time (Parallel): 160.633178
--------------------- Problem 7 ---------------------
--------------------- Problem 8 ---------------------
Best: 10.095040
Worst: 20.556367
Average: 14.869506
Median: 14.726391
Standard Deviation: 0.453158
Average Time: 19.632410
Approx Total Time (Parallel): 76.075590
--------------------- Problem 8 ---------------------
--------------------- Problem 9 ---------------------
Best: 10.352588
Worst: 24.249576
Average: 14.921458
Median: 15.019611
Standard Deviation: 0.612964
Average Time: 216.889176
Approx Total Time (Parallel): 840.445556
--------------------- Problem 9 ---------------------
--------------------- Problem 10 ---------------------
Best: 21.460052
Worst: 116.897405
Average: 56.259423
Median: 47.950149
Standard Deviation: 4.457712
Average Time: 248.254907
Approx Total Time (Parallel): 961.987763
--------------------- Problem 10 ---------------------
--------------------- Problem 11 ---------------------
Best: 3.728579
Worst: 7.925128
Average: 5.372719
Median: 5.296641
Standard Deviation: 0.168618
Average Time: 200.527833
Approx Total Time (Parallel): 777.045355
--------------------- Problem 11 ---------------------
--------------------- Problem 12 ---------------------
Best: 5.919212
Worst: 10.039098
Average: 7.671886
Median: 7.834339
Standard Deviation: 0.178815
Average Time: 195.761020
Approx Total Time (Parallel): 758.573953
--------------------- Problem 12 ---------------------
--------------------- Problem 13 ---------------------
Best: 0.984839
Worst: 9.867327
Average: 4.920366
Median: 5.512847
Standard Deviation: 0.450237
Average Time: 36.945606
Approx Total Time (Parallel): 143.164223
--------------------- Problem 13 ---------------------
--------------------- Problem 14 ---------------------
Best: 0.604634
Worst: 1.463508
Average: 0.922601
Median: 0.863965
Standard Deviation: 0.040419
Average Time: 151.904683
Approx Total Time (Parallel): 588.630648
--------------------- Problem 14 ---------------------
Approx Total Time: 16415.525992
--------------------- Optimizer ---------------------

--------------------- Optimizer ---------------------
