--------------------- Problem 1 ---------------------
Best: 4.115515
Worst: 10.655581
Average: 6.987582
Median: 6.871437
Standard Deviation: 0.270544
Average Time: 155.115959
Approx Total Time (Parallel): 601.074340
--------------------- Problem 1 ---------------------
--------------------- Problem 2 ---------------------
Best: 5.143082
Worst: 10.926168
Average: 8.019515
Median: 8.125702
Standard Deviation: 0.238520
Average Time: 271.700844
Approx Total Time (Parallel): 1052.840770
--------------------- Problem 2 ---------------------
--------------------- Problem 3 ---------------------
Best: 6.865143
Worst: 11.653003
Average: 9.263250
Median: 9.346319
Standard Deviation: 0.202573
Average Time: 627.404436
Approx Total Time (Parallel): 2431.192190
--------------------- Problem 3 ---------------------
--------------------- Problem 4 ---------------------
Best: 7.470250
Worst: 11.807218
Average: 9.321983
Median: 8.947520
Standard Deviation: 0.231495
Average Time: 1212.373169
Approx Total Time (Parallel): 4697.946028
--------------------- Problem 4 ---------------------
--------------------- Problem 5 ---------------------
Best: 7.517619
Worst: 12.074230
Average: 8.906558
Median: 8.818917
Standard Deviation: 0.198728
Average Time: 2384.790206
Approx Total Time (Parallel): 9241.062049
--------------------- Problem 5 ---------------------
--------------------- Problem 6 ---------------------
Best: 6.491749
Worst: 11.646648
Average: 9.175781
Median: 9.160789
Standard Deviation: 0.285543
Average Time: 136.230797
Approx Total Time (Parallel): 527.894337
--------------------- Problem 6 ---------------------
--------------------- Problem 7 ---------------------
Best: 8.883832
Worst: 15.813006
Average: 11.619080
Median: 10.995865
Standard Deviation: 0.386698
Average Time: 54.629063
Approx Total Time (Parallel): 211.687617
--------------------- Problem 7 ---------------------
--------------------- Problem 8 ---------------------
Best: 12.404091
Worst: 20.465436
Average: 16.503562
Median: 16.774568
Standard Deviation: 0.450658
Average Time: 27.257484
Approx Total Time (Parallel): 105.622751
--------------------- Problem 8 ---------------------
--------------------- Problem 9 ---------------------
Best: 16.253297
Worst: 50.914299
Average: 30.651250
Median: 28.789476
Standard Deviation: 1.552302
Average Time: 286.176812
Approx Total Time (Parallel): 1108.935145
--------------------- Problem 9 ---------------------
--------------------- Problem 10 ---------------------
Best: 55.794054
Worst: 284.934081
Average: 156.811295
Median: 162.560924
Standard Deviation: 10.449639
Average Time: 314.379455
Approx Total Time (Parallel): 1218.220388
--------------------- Problem 10 ---------------------
--------------------- Problem 11 ---------------------
Best: 8.098872
Worst: 14.527335
Average: 10.553741
Median: 10.304377
Standard Deviation: 0.285354
Average Time: 272.844023
Approx Total Time (Parallel): 1057.270589
--------------------- Problem 11 ---------------------
--------------------- Problem 12 ---------------------
Best: 13.153256
Worst: 18.667647
Average: 15.786038
Median: 15.705021
Standard Deviation: 0.276286
Average Time: 271.450856
Approx Total Time (Parallel): 1051.872066
--------------------- Problem 12 ---------------------
--------------------- Problem 13 ---------------------
Best: 5.417635
Worst: 29.097247
Average: 12.227041
Median: 10.861988
Standard Deviation: 1.051721
Average Time: 55.553568
Approx Total Time (Parallel): 215.270076
--------------------- Problem 13 ---------------------
--------------------- Problem 14 ---------------------
Best: 1.283743
Worst: 2.568875
Average: 1.762428
Median: 1.746737
Standard Deviation: 0.055351
Average Time: 267.673113
Approx Total Time (Parallel): 1037.233313
--------------------- Problem 14 ---------------------
Approx Total Time: 24558.121660
--------------------- Optimizer ---------------------

--------------------- Optimizer ---------------------
